# JRE version: Java(TM) SE Runtime Environment (21.0.8+12) (build 21.0.8+12-LTS-250)
# Java VM: Java HotSpot(TM) 64-Bit Server VM (21.0.8+12-LTS-250, mixed mode, sharing, tiered, compressed oops, compressed class ptrs, g1 gc, windows-amd64)
GC Precious Log:
 CardTable entry size: 512
 Card Set container configuration: InlinePtr #cards 5 size 8 Array Of Cards #cards 12 size 40 Howl #buckets 4 coarsen threshold 1843 Howl Bitmap #cards 512 size 80 coarsen threshold 460 Card regions per heap region 1 cards per card region 2048
 CPUs: 4 total, 4 available
 Memory: 3830M
 Large Page Support: Disabled
 NUMA Support: Disabled
 Compressed Oops: Enabled (32-bit)
 Heap Region Size: 1M
 Heap Min Capacity: 8M
 Heap Initial Capacity: 60M
 Heap Max Capacity: 958M
 Pre-touch: Disabled
 Parallel Workers: 4
 Concurrent Workers: 1
 Concurrent Refinement Workers: 4
 Periodic GC: Disabled
Heap:
 garbage-first heap   total 48128K, used 28238K [0x00000000c4200000, 0x0000000100000000)
  region size 1024K, 9 young (9216K), 2 survivors (2048K)
 Metaspace       used 52584K, committed 53120K, reserved 1114112K
  class space    used 6777K, committed 7040K, reserved 1048576K
GC Heap History (18 events):
Event: 2.945 GC heap before
{Heap before GC invocations=0 (full 0):
 garbage-first heap   total 61440K, used 14336K [0x00000000c4200000, 0x0000000100000000)
  region size 1024K, 13 young (13312K), 0 survivors (0K)
 Metaspace       used 3428K, committed 3584K, reserved 1114112K
  class space    used 351K, committed 448K, reserved 1048576K
}
Event: 2.961 GC heap after
{Heap after GC invocations=1 (full 0):
 garbage-first heap   total 61440K, used 6790K [0x00000000c4200000, 0x0000000100000000)
  region size 1024K, 2 young (2048K), 2 survivors (2048K)
 Metaspace       used 3428K, committed 3584K, reserved 1114112K
  class space    used 351K, committed 448K, reserved 1048576K
}
Event: 3.572 GC heap before
{Heap before GC invocations=1 (full 0):
 garbage-first heap   total 61440K, used 21126K [0x00000000c4200000, 0x0000000100000000)
  region size 1024K, 16 young (16384K), 2 survivors (2048K)
 Metaspace       used 7507K, committed 7808K, reserved 1114112K
  class space    used 904K, committed 1088K, reserved 1048576K
}
Event: 3.578 GC heap after
{Heap after GC invocations=2 (full 0):
 garbage-first heap   total 61440K, used 8176K [0x00000000c4200000, 0x0000000100000000)
  region size 1024K, 2 young (2048K), 2 survivors (2048K)
 Metaspace       used 7507K, committed 7808K, reserved 1114112K
  class space    used 904K, committed 1088K, reserved 1048576K
}
Event: 4.750 GC heap before
{Heap before GC invocations=2 (full 0):
 garbage-first heap   total 61440K, used 39920K [0x00000000c4200000, 0x0000000100000000)
  region size 1024K, 34 young (34816K), 2 survivors (2048K)
 Metaspace       used 16461K, committed 16768K, reserved 1114112K
  class space    used 2024K, committed 2176K, reserved 1048576K
}
Event: 4.760 GC heap after
{Heap after GC invocations=3 (full 0):
 garbage-first heap   total 61440K, used 10541K [0x00000000c4200000, 0x0000000100000000)
  region size 1024K, 4 young (4096K), 4 survivors (4096K)
 Metaspace       used 16461K, committed 16768K, reserved 1114112K
  class space    used 2024K, committed 2176K, reserved 1048576K
}
Event: 5.872 GC heap before
{Heap before GC invocations=3 (full 0):
 garbage-first heap   total 61440K, used 40237K [0x00000000c4200000, 0x0000000100000000)
  region size 1024K, 35 young (35840K), 4 survivors (4096K)
 Metaspace       used 21156K, committed 21504K, reserved 1114112K
  class space    used 2567K, committed 2688K, reserved 1048576K
}
Event: 5.883 GC heap after
{Heap after GC invocations=4 (full 0):
 garbage-first heap   total 61440K, used 13605K [0x00000000c4200000, 0x0000000100000000)
  region size 1024K, 5 young (5120K), 5 survivors (5120K)
 Metaspace       used 21156K, committed 21504K, reserved 1114112K
  class space    used 2567K, committed 2688K, reserved 1048576K
}
Event: 6.868 GC heap before
{Heap before GC invocations=5 (full 0):
 garbage-first heap   total 48128K, used 37157K [0x00000000c4200000, 0x0000000100000000)
  region size 1024K, 28 young (28672K), 5 survivors (5120K)
 Metaspace       used 25281K, committed 25728K, reserved 1114112K
  class space    used 3217K, committed 3456K, reserved 1048576K
}
Event: 6.885 GC heap after
{Heap after GC invocations=6 (full 0):
 garbage-first heap   total 48128K, used 16677K [0x00000000c4200000, 0x0000000100000000)
  region size 1024K, 3 young (3072K), 3 survivors (3072K)
 Metaspace       used 25281K, committed 25728K, reserved 1114112K
  class space    used 3217K, committed 3456K, reserved 1048576K
}
Event: 8.117 GC heap before
{Heap before GC invocations=6 (full 0):
 garbage-first heap   total 48128K, used 36133K [0x00000000c4200000, 0x0000000100000000)
  region size 1024K, 23 young (23552K), 3 survivors (3072K)
 Metaspace       used 30444K, committed 31040K, reserved 1114112K
  class space    used 3826K, committed 4096K, reserved 1048576K
}
Event: 8.123 GC heap after
{Heap after GC invocations=7 (full 0):
 garbage-first heap   total 48128K, used 18199K [0x00000000c4200000, 0x0000000100000000)
  region size 1024K, 2 young (2048K), 2 survivors (2048K)
 Metaspace       used 30444K, committed 31040K, reserved 1114112K
  class space    used 3826K, committed 4096K, reserved 1048576K
}
Event: 8.698 GC heap before
{Heap before GC invocations=7 (full 0):
 garbage-first heap   total 48128K, used 36631K [0x00000000c4200000, 0x0000000100000000)
  region size 1024K, 21 young (21504K), 2 survivors (2048K)
 Metaspace       used 35416K, committed 35968K, reserved 1114112K
  class space    used 4635K, committed 4928K, reserved 1048576K
}
Event: 8.704 GC heap after
{Heap after GC invocations=8 (full 0):
 garbage-first heap   total 48128K, used 19134K [0x00000000c4200000, 0x0000000100000000)
  region size 1024K, 1 young (1024K), 1 survivors (1024K)
 Metaspace       used 35416K, committed 35968K, reserved 1114112K
  class space    used 4635K, committed 4928K, reserved 1048576K
}
Event: 10.544 GC heap before
{Heap before GC invocations=9 (full 0):
 garbage-first heap   total 48128K, used 39614K [0x00000000c4200000, 0x0000000100000000)
  region size 1024K, 22 young (22528K), 1 survivors (1024K)
 Metaspace       used 44840K, committed 45440K, reserved 1114112K
  class space    used 5763K, committed 6016K, reserved 1048576K
}
Event: 10.548 GC heap after
{Heap after GC invocations=10 (full 0):
 garbage-first heap   total 48128K, used 21823K [0x00000000c4200000, 0x0000000100000000)
  region size 1024K, 3 young (3072K), 3 survivors (3072K)
 Metaspace       used 44840K, committed 45440K, reserved 1114112K
  class space    used 5763K, committed 6016K, reserved 1048576K
}
Event: 11.632 GC heap before
{Heap before GC invocations=10 (full 0):
 garbage-first heap   total 48128K, used 40255K [0x00000000c4200000, 0x0000000100000000)
  region size 1024K, 21 young (21504K), 3 survivors (3072K)
 Metaspace       used 49512K, committed 50048K, reserved 1114112K
  class space    used 6320K, committed 6528K, reserved 1048576K
}
Event: 11.639 GC heap after
{Heap after GC invocations=11 (full 0):
 garbage-first heap   total 48128K, used 23118K [0x00000000c4200000, 0x0000000100000000)
  region size 1024K, 2 young (2048K), 2 survivors (2048K)
 Metaspace       used 49512K, committed 50048K, reserved 1114112K
  class space    used 6320K, committed 6528K, reserved 1048576K
}

